[LOG] System::create                           : Header version = 2.02.03. Current version = 2.02.03.
[LOG] Manager::init                            : maxchannels = 256 studioflags = 00000006 flags 00000000 extradriverdata 0000000000000000.
[LOG] SystemI::init                            : Initialize version=20203 (120077), maxchannels=256, flags=0x00020000
[LOG] SystemI::setOutputInternal               : Setting output to 'FMOD WASAPI Output'
[LOG] OutputWASAPI::init                       : Mix Format (WAVEFORMATEX): wFormatTag=0xFFFE, nChannels=8, nSamplesPerSec=44100, nAvgBytesPerSec=1411200, nBlockAlign=32, wBitsPerSample=32, cbSize=22.
[LOG] OutputWASAPI::init                       : Mix Format (WAVEFORMATEXTENSIBLE): wValidBitsPerSample=32, dwChannelMask=0x0000063F, SubFormat=00000003-0000-0010-8000-00AA00389B71.
[LOG] OutputWASAPI::init                       : Output buffer size: 3760 samples, latency: 0.00ms, period: 10.00ms, DSP buffer: 1024 * 4
[LOG] SystemI::init                            : Output requires a sample rate of 44100Hz, resampling will occur.
[LOG] DownMix::init                            : dspbuffersize: 1024  rate: 48000. output speaker mode: 7, input speaker mode 3
[LOG] DownMix::init                            : done.
[LOG] Thread::initThread                       : Init FMOD stream thread. Affinity: 0x4000000000000003, Priority: 0xFFFF7FFB, Stack Size: 98304, Semaphore: No, Sleep Time: 10, Looping: Yes.
[LOG] Thread::initThread                       : Init FMOD mixer thread. Affinity: 0x4000000000000001, Priority: 0xFFFF7FFA, Stack Size: 81920, Semaphore: No, Sleep Time: 0, Looping: Yes.
[LOG] AsyncManager::init                       : manager 0000023953BBA098 isAsync 0 updatePeriod 0.02
[LOG] AsyncManager::init                       : done
[LOG] PlaybackSystem::init                     : 
[LOG] Thread::initThread                       : Init FMOD Studio sample load thread. Affinity: 0x4000000000000003, Priority: 0xFFFF7FFD, Stack Size: 98304, Semaphore: No, Sleep Time: 1, Looping: No.
[LOG] PlaybackSystem::init                     : done
[LOG] Thread::initThread                       : Init FMOD Studio bank load thread. Affinity: 0x4000000000000003, Priority: 0xFFFF7FFD, Stack Size: 98304, Semaphore: No, Sleep Time: 1, Looping: No.
[LOG] Manager::init                            : done.
[LOG] Manager::readBank                        : fileversion = 141, compatVersion = 140 (oldest = 44, newest = 141)
[LOG] Manager::readBank                        : fileversion = 141, compatVersion = 140 (oldest = 44, newest = 141)
[LOG] Manager::readBank                        : fileversion = 141, compatVersion = 140 (oldest = 44, newest = 141)
[LOG] PlaybackSystem::acquireMasterBus         : Setting master channel group format to 6
[LOG] AsyncThread::threadFunc                  : Starting Asynchronous operation on sound 00000239E35DC7C8
[LOG] AsyncThread::threadFunc                  : Finished Asynchronous operation on sound 00000239E35DC7C8
[LOG] AsyncThread::threadFunc                  : Starting Asynchronous operation on sound 00000239E35DA968
[LOG] AsyncThread::threadFunc                  : Finished Asynchronous operation on sound 00000239E35DA968
[LOG] AsyncThread::threadFunc                  : Starting Asynchronous operation on sound 00000239E35DB028
[LOG] AsyncThread::threadFunc                  : Finished Asynchronous operation on sound 00000239E35DB028
[LOG] AsyncThread::threadFunc                  : Starting Asynchronous operation on sound 0000023956DEF028
[LOG] AsyncThread::threadFunc                  : Finished Asynchronous operation on sound 0000023956DEF028
[LOG] AsyncThread::threadFunc                  : Starting Asynchronous operation on sound 00000239E35D9D98
[LOG] AsyncThread::threadFunc                  : Finished Asynchronous operation on sound 00000239E35D9D98
[LOG] AsyncThread::threadFunc                  : Starting Asynchronous operation on sound 0000023956DEB368
[LOG] AsyncThread::threadFunc                  : Finished Asynchronous operation on sound 0000023956DEB368
[LOG] AsyncThread::threadFunc                  : Starting Asynchronous operation on sound 00000239E35DAB18
[LOG] AsyncThread::threadFunc                  : Finished Asynchronous operation on sound 00000239E35DAB18
[LOG] AsyncThread::threadFunc                  : Starting Asynchronous operation on sound 00000239E35DDC08
[LOG] AsyncThread::threadFunc                  : Finished Asynchronous operation on sound 00000239E35DDC08
[LOG] AsyncThread::threadFunc                  : Starting Asynchronous operation on sound 00000239E35DA2A8
[LOG] AsyncThread::threadFunc                  : Finished Asynchronous operation on sound 00000239E35DA2A8
[LOG] AsyncThread::threadFunc                  : Starting Asynchronous operation on sound 00000239E35DDA58
[LOG] AsyncThread::threadFunc                  : Finished Asynchronous operation on sound 00000239E35DDA58
[LOG] SoundI::release                          : Crystaltest (00000239E2D53818)
[LOG] SoundI::release                          :     Crystaltest (0000023917045498)
[LOG] SoundI::release                          :     Crystaltest (00000239E35DE988)
[LOG] SoundI::release                          : xdddd2 (00000239E2D53668)
[LOG] SoundI::release                          :     xdddd2 (0000023917045158)
[LOG] SoundI::release                          :     xdddd2 (00000239E35DBBF8)
[LOG] SoundI::release                          : Crystaltest2 - Komplete Kontrol Out 1 (00000239E2D528E8)
[LOG] SoundI::release                          :     Crystaltest2 - Komplete Kontrol Out 1 (00000239170452F8)
[LOG] SoundI::release                          :     Crystaltest2 - Komplete Kontrol Out 1 (00000239E35DBDA8)
[LOG] SoundI::release                          : Crystaltest2 - Crystallisation (000002387703A698)
[LOG] SoundI::release                          :     Crystaltest2 - Crystallisation (000002381DC9BDA8)
[LOG] SoundI::release                          :     Crystaltest2 - Crystallisation (00000239E35DDDB8)
[LOG] SoundI::release                          : Crystaltest2 - Komplete Kontrol Out 1 (000002387703ABA8)
[LOG] SoundI::release                          :     Crystaltest2 - Komplete Kontrol Out 1 (000002381DC9B8C8)
[LOG] SoundI::release                          :     Crystaltest2 - Komplete Kontrol Out 1 (00000239E35DA608)
[LOG] SoundI::release                          : Crystaltest (000002387703AD58)
[LOG] SoundI::release                          :     Crystaltest (000002381DC9B3E8)
[LOG] SoundI::release                          :     Crystaltest (00000239E35DB388)
[LOG] SoundI::release                          : Crystaltest2 - Crystallisation (0000023877039E28)
[LOG] SoundI::release                          :     Crystaltest2 - Crystallisation (00000239E3B7E3C8)
[LOG] SoundI::release                          :     Crystaltest2 - Crystallisation (00000239E35DB6E8)
[LOG] SoundI::release                          : Crystaltest2 - Komplete Kontrol Out 1 (000002387703A848)
[LOG] SoundI::release                          :     Crystaltest2 - Komplete Kontrol Out 1 (00000239E3B7E8A8)
[LOG] SoundI::release                          :     Crystaltest2 - Komplete Kontrol Out 1 (00000239E35DB538)
[LOG] SoundI::release                          : Crystaltest (0000023877039C78)
[LOG] SoundI::release                          :     Crystaltest (000002381DC9B248)
[LOG] SoundI::release                          :     Crystaltest (00000239E35DD1E8)
[LOG] SoundI::release                          : Crystaltest2 - Crystallisation (00000239E2D52C48)
[LOG] SoundI::release                          :     Crystaltest2 - Crystallisation (0000023953078D38)
[LOG] SoundI::release                          :     Crystaltest2 - Crystallisation (00000239E35DBA48)
[LOG] SoundI::release                          : Crystaltest2 - Komplete Kontrol Out 1 (00000239E2D523D8)
[LOG] SoundI::release                          :     Crystaltest2 - Komplete Kontrol Out 1 (00000239E3B7E568)
[LOG] SoundI::release                          :     Crystaltest2 - Komplete Kontrol Out 1 (00000239E35DE7D8)
[LOG] SoundI::release                          : Crystaltest (000002387703A9F8)
[LOG] SoundI::release                          :     Crystaltest (00000239E3B7EBE8)
[LOG] SoundI::release                          :     Crystaltest (00000239E35DC468)
[LOG] SoundI::release                          : 427401__imjeax__desert-ambient-loop (00000239E2D52A98)
[LOG] SoundI::release                          :     427401__imjeax__desert-ambient-loop (00000239EFE38998)
[LOG] SoundI::release                          :     427401__imjeax__desert-ambient-loop (00000239E35DA968)
[LOG] SoundI::release                          : 343448__rucisko__windy-weather (00000239E2D52738)
[LOG] SoundI::release                          :     343448__rucisko__windy-weather (00000239EFE38658)
[LOG] SoundI::release                          :     343448__rucisko__windy-weather (00000239E35DC7C8)
[LOG] SoundI::release                          : Cave 4 Loop (00000239E2D539C8)
[LOG] SoundI::release                          :     Cave 4 Loop (00000239EFE384B8)
[LOG] SoundI::release                          :     Cave 4 Loop (00000239E35DC978)
[LOG] SoundI::release                          : 483479__astounded__wind-blowing-gusting-through-french-castle-tower (00000239E2D53308)
[LOG] SoundI::release                          :     483479__astounded__wind-blowing-gusting-through-french-castle-tower (00000239EFE38E78)
[LOG] SoundI::release                          :     483479__astounded__wind-blowing-gusting-through-french-castle-tower (00000239E35DB028)
[LOG] SoundI::release                          : 427401__imjeax__desert-ambient-loop (0000023877033078)
[LOG] SoundI::release                          :     427401__imjeax__desert-ambient-loop (000002381B9EAD78)
[LOG] SoundI::release                          :     427401__imjeax__desert-ambient-loop (00000239E35DA2A8)
[LOG] SoundI::release                          : 343448__rucisko__windy-weather (00000238770369D8)
[LOG] SoundI::release                          :     343448__rucisko__windy-weather (0000023905321038)
[LOG] SoundI::release                          :     343448__rucisko__windy-weather (00000239E35DDC08)
[LOG] SoundI::release                          : Cave 4 Loop (0000023877038EF8)
[LOG] SoundI::release                          :     Cave 4 Loop (0000023905321378)
[LOG] SoundI::release                          :     Cave 4 Loop (00000239E35DD8A8)
[LOG] SoundI::release                          : 483479__astounded__wind-blowing-gusting-through-french-castle-tower (0000023877035AA8)
[LOG] SoundI::release                          :     483479__astounded__wind-blowing-gusting-through-french-castle-tower (000002381D8AB918)
[LOG] SoundI::release                          :     483479__astounded__wind-blowing-gusting-through-french-castle-tower (00000239E35DDA58)
[LOG] SoundI::release                          : Shiny (0000023877033C48)
[LOG] SoundI::release                          :     Shiny (000002381B9EA6F8)
[LOG] SoundI::release                          :     Shiny (00000239E35DAE78)
[LOG] SoundI::release                          : Shiny (000002387703A4E8)
[LOG] SoundI::release                          :     Shiny (000002381DC9B728)
[LOG] SoundI::release                          :     Shiny (00000239E35DA7B8)
[LOG] SoundI::release                          : Shiny (00000238770395B8)
[LOG] SoundI::release                          :     Shiny (000002381B9EA218)
[LOG] SoundI::release                          :     Shiny (00000239E35DE628)
[LOG] SoundI::release                          : Shiny (000002387703A338)
[LOG] SoundI::release                          :     Shiny (00000239530DB688)
[LOG] SoundI::release                          :     Shiny (00000239E35DA458)
[LOG] SoundI::release                          : Shiny (0000023877036EE8)
[LOG] SoundI::release                          :     Shiny (000002381B9EA078)
[LOG] SoundI::release                          :     Shiny (00000239E35DD548)
[LOG] SoundI::release                          : Shiny (0000023877037098)
[LOG] SoundI::release                          :     Shiny (00000239530DB348)
[LOG] SoundI::release                          :     Shiny (00000239E35DB1D8)
[LOG] SoundI::release                          : 427401__imjeax__desert-ambient-loop (00000239E2D53158)
[LOG] SoundI::release                          :     427401__imjeax__desert-ambient-loop (0000023953078B98)
[LOG] SoundI::release                          :     427401__imjeax__desert-ambient-loop (00000239E35DE2C8)
[LOG] SoundI::release                          : 483479__astounded__wind-blowing-gusting-through-french-castle-tower (00000239E2D52DF8)
[LOG] SoundI::release                          :     483479__astounded__wind-blowing-gusting-through-french-castle-tower (0000023953078378)
[LOG] SoundI::release                          :     483479__astounded__wind-blowing-gusting-through-french-castle-tower (00000239E35DCB28)
[LOG] SoundI::release                          : Cave 4 Loop (00000239E2D534B8)
[LOG] SoundI::release                          :     Cave 4 Loop (0000023953079078)
[LOG] SoundI::release                          :     Cave 4 Loop (00000239E35DE118)
[LOG] SoundI::release                          : 343448__rucisko__windy-weather (00000239E2D52588)
[LOG] SoundI::release                          :     343448__rucisko__windy-weather (0000023953078ED8)
[LOG] SoundI::release                          :     343448__rucisko__windy-weather (00000239E35DDF68)
[LOG] SoundI::release                          : 427401__imjeax__desert-ambient-loop (0000023877037908)
[LOG] SoundI::release                          :     427401__imjeax__desert-ambient-loop (000002381D8AB438)
[LOG] SoundI::release                          :     427401__imjeax__desert-ambient-loop (00000239E35DAB18)
[LOG] SoundI::release                          : 483479__astounded__wind-blowing-gusting-through-french-castle-tower (0000023877038838)
[LOG] SoundI::release                          :     483479__astounded__wind-blowing-gusting-through-french-castle-tower (000002381D8ABAB8)
[LOG] SoundI::release                          :     483479__astounded__wind-blowing-gusting-through-french-castle-tower (00000239E35D9D98)
[LOG] SoundI::release                          : Cave 4 Loop (0000023877036318)
[LOG] SoundI::release                          :     Cave 4 Loop (000002381D8AB0F8)
[LOG] SoundI::release                          :     Cave 4 Loop (0000023956DEB368)
[LOG] SoundI::release                          : 343448__rucisko__windy-weather (0000023877035598)
[LOG] SoundI::release                          :     343448__rucisko__windy-weather (000002381BBF9688)
[LOG] SoundI::release                          :     343448__rucisko__windy-weather (0000023956DEF028)
[LOG] SoundI::release                          :  (00000239EF392638)
[LOG] SoundI::release                          :     336023__adamgryu__rocks (1) (0000023955FE4C58)
[LOG] Thread::callback                         : FMOD Studio update thread finished.
[LOG] Thread::callback                         : FMOD Studio bank load thread finished.
[LOG] Profile::disconnectAll                   : Profiler disconnecting all clients
[LOG] Thread::callback                         : FMOD Studio sample load thread finished.
[LOG] LiveUpdate::release                      : 
[LOG] LiveUpdate::reset                        : Reset connection (reason Disconnected)
[LOG] Thread::callback                         : FMOD stream thread finished.
[LOG] Thread::callback                         : FMOD mixer thread finished.
[LOG] Profile::disconnectAll                   : Profiler disconnecting all clients
[LOG] SystemI::close                           : Closed.
